Started GET "/" for 127.0.0.1 at 2019-12-14 15:01:30 -0300
  
ActiveRecord::PendingMigrationError (

Migrations are pending. To resolve this issue, run:

        bin/rails db:migrate RAILS_ENV=development

):
  
activerecord (5.2.3) lib/active_record/migration.rb:579:in `check_pending!'
activerecord (5.2.3) lib/active_record/migration.rb:556:in `call'
actionpack (5.2.3) lib/action_dispatch/middleware/callbacks.rb:28:in `block in call'
activesupport (5.2.3) lib/active_support/callbacks.rb:98:in `run_callbacks'
actionpack (5.2.3) lib/action_dispatch/middleware/callbacks.rb:26:in `call'
actionpack (5.2.3) lib/action_dispatch/middleware/executor.rb:14:in `call'
actionpack (5.2.3) lib/action_dispatch/middleware/debug_exceptions.rb:61:in `call'
actionpack (5.2.3) lib/action_dispatch/middleware/show_exceptions.rb:33:in `call'
railties (5.2.3) lib/rails/rack/logger.rb:38:in `call_app'
railties (5.2.3) lib/rails/rack/logger.rb:26:in `block in call'
activesupport (5.2.3) lib/active_support/tagged_logging.rb:71:in `block in tagged'
activesupport (5.2.3) lib/active_support/tagged_logging.rb:28:in `tagged'
activesupport (5.2.3) lib/active_support/tagged_logging.rb:71:in `tagged'
railties (5.2.3) lib/rails/rack/logger.rb:26:in `call'
sprockets-rails (3.2.1) lib/sprockets/rails/quiet_assets.rb:13:in `call'
actionpack (5.2.3) lib/action_dispatch/middleware/remote_ip.rb:81:in `call'
actionpack (5.2.3) lib/action_dispatch/middleware/request_id.rb:27:in `call'
rack (2.0.7) lib/rack/method_override.rb:22:in `call'
rack (2.0.7) lib/rack/runtime.rb:22:in `call'
activesupport (5.2.3) lib/active_support/cache/strategy/local_cache_middleware.rb:29:in `call'
actionpack (5.2.3) lib/action_dispatch/middleware/executor.rb:14:in `call'
actionpack (5.2.3) lib/action_dispatch/middleware/static.rb:127:in `call'
rack (2.0.7) lib/rack/sendfile.rb:111:in `call'
railties (5.2.3) lib/rails/engine.rb:524:in `call'
puma (3.12.2) lib/puma/configuration.rb:227:in `call'
puma (3.12.2) lib/puma/server.rb:674:in `handle_request'
puma (3.12.2) lib/puma/server.rb:476:in `process_client'
puma (3.12.2) lib/puma/server.rb:334:in `block in run'
puma (3.12.2) lib/puma/thread_pool.rb:135:in `block in spawn_thread'
Started GET "/" for 127.0.0.1 at 2019-12-14 15:01:47 -0300
  
ActiveRecord::PendingMigrationError (

Migrations are pending. To resolve this issue, run:

        bin/rails db:migrate RAILS_ENV=development

):
  
activerecord (5.2.3) lib/active_record/migration.rb:579:in `check_pending!'
activerecord (5.2.3) lib/active_record/migration.rb:556:in `call'
actionpack (5.2.3) lib/action_dispatch/middleware/callbacks.rb:28:in `block in call'
activesupport (5.2.3) lib/active_support/callbacks.rb:98:in `run_callbacks'
actionpack (5.2.3) lib/action_dispatch/middleware/callbacks.rb:26:in `call'
actionpack (5.2.3) lib/action_dispatch/middleware/executor.rb:14:in `call'
actionpack (5.2.3) lib/action_dispatch/middleware/debug_exceptions.rb:61:in `call'
actionpack (5.2.3) lib/action_dispatch/middleware/show_exceptions.rb:33:in `call'
railties (5.2.3) lib/rails/rack/logger.rb:38:in `call_app'
railties (5.2.3) lib/rails/rack/logger.rb:26:in `block in call'
activesupport (5.2.3) lib/active_support/tagged_logging.rb:71:in `block in tagged'
activesupport (5.2.3) lib/active_support/tagged_logging.rb:28:in `tagged'
activesupport (5.2.3) lib/active_support/tagged_logging.rb:71:in `tagged'
railties (5.2.3) lib/rails/rack/logger.rb:26:in `call'
sprockets-rails (3.2.1) lib/sprockets/rails/quiet_assets.rb:13:in `call'
actionpack (5.2.3) lib/action_dispatch/middleware/remote_ip.rb:81:in `call'
actionpack (5.2.3) lib/action_dispatch/middleware/request_id.rb:27:in `call'
rack (2.0.7) lib/rack/method_override.rb:22:in `call'
rack (2.0.7) lib/rack/runtime.rb:22:in `call'
activesupport (5.2.3) lib/active_support/cache/strategy/local_cache_middleware.rb:29:in `call'
actionpack (5.2.3) lib/action_dispatch/middleware/executor.rb:14:in `call'
actionpack (5.2.3) lib/action_dispatch/middleware/static.rb:127:in `call'
rack (2.0.7) lib/rack/sendfile.rb:111:in `call'
railties (5.2.3) lib/rails/engine.rb:524:in `call'
puma (3.12.2) lib/puma/configuration.rb:227:in `call'
puma (3.12.2) lib/puma/server.rb:674:in `handle_request'
puma (3.12.2) lib/puma/server.rb:476:in `process_client'
puma (3.12.2) lib/puma/server.rb:334:in `block in run'
puma (3.12.2) lib/puma/thread_pool.rb:135:in `block in spawn_thread'
  [1m[35m (0.2ms)[0m  [1m[34mSELECT sqlite_version(*)[0m
  ↳ bin/rails:4
  [1m[35m (194.4ms)[0m  [1m[35mCREATE TABLE "schema_migrations" ("version" varchar NOT NULL PRIMARY KEY)[0m
  ↳ bin/rails:4
  [1m[35m (74.2ms)[0m  [1m[35mCREATE TABLE "ar_internal_metadata" ("key" varchar NOT NULL PRIMARY KEY, "value" varchar, "created_at" datetime NOT NULL, "updated_at" datetime NOT NULL)[0m
  ↳ bin/rails:4
  [1m[35m (0.7ms)[0m  [1m[34mSELECT "schema_migrations"."version" FROM "schema_migrations" ORDER BY "schema_migrations"."version" ASC[0m
  ↳ bin/rails:4
Migrating to CreateManufacturers (20191213041422)
  [1m[35m (0.6ms)[0m  [1m[36mbegin transaction[0m
  ↳ bin/rails:4
  [1m[35m (2.7ms)[0m  [1m[35mCREATE TABLE "manufacturers" ("id" integer PRIMARY KEY AUTOINCREMENT NOT NULL, "name" varchar, "created_at" datetime NOT NULL, "updated_at" datetime NOT NULL)[0m
  ↳ db/migrate/20191213041422_create_manufacturers.rb:3
  [1m[36mActiveRecord::SchemaMigration Create (0.5ms)[0m  [1m[32mINSERT INTO "schema_migrations" ("version") VALUES (?)[0m  [["version", "20191213041422"]]
  ↳ bin/rails:4
  [1m[35m (49.5ms)[0m  [1m[36mcommit transaction[0m
  ↳ bin/rails:4
  [1m[36mActiveRecord::InternalMetadata Load (0.3ms)[0m  [1m[34mSELECT  "ar_internal_metadata".* FROM "ar_internal_metadata" WHERE "ar_internal_metadata"."key" = ? LIMIT ?[0m  [["key", "environment"], ["LIMIT", 1]]
  ↳ bin/rails:4
  [1m[35m (0.1ms)[0m  [1m[36mbegin transaction[0m
  ↳ bin/rails:4
  [1m[36mActiveRecord::InternalMetadata Create (0.5ms)[0m  [1m[32mINSERT INTO "ar_internal_metadata" ("key", "value", "created_at", "updated_at") VALUES (?, ?, ?, ?)[0m  [["key", "environment"], ["value", "development"], ["created_at", "2019-12-14 18:03:08.604809"], ["updated_at", "2019-12-14 18:03:08.604809"]]
  ↳ bin/rails:4
  [1m[35m (10.6ms)[0m  [1m[36mcommit transaction[0m
  ↳ bin/rails:4
  [1m[35m (0.2ms)[0m  [1m[34mSELECT "schema_migrations"."version" FROM "schema_migrations" ORDER BY "schema_migrations"."version" ASC[0m
  ↳ bin/rails:4
Started GET "/" for 127.0.0.1 at 2019-12-14 15:04:28 -0300
  [1m[35m (0.3ms)[0m  [1m[34mSELECT "schema_migrations"."version" FROM "schema_migrations" ORDER BY "schema_migrations"."version" ASC[0m
  ↳ /home/luanribeiro/.rvm/gems/ruby-2.6.3/gems/activerecord-5.2.3/lib/active_record/log_subscriber.rb:98
Processing by HomeController#index as HTML
  Rendering home/index.html.erb within layouts/application
  Rendered home/index.html.erb within layouts/application (2.3ms)
Completed 200 OK in 1036ms (Views: 1022.8ms | ActiveRecord: 0.0ms)


Started GET "/manufacturers" for 127.0.0.1 at 2019-12-14 15:04:32 -0300
Processing by ManufacturersController#index as HTML
  Rendering manufacturers/index.html.erb within layouts/application
  [1m[36mManufacturer Load (0.2ms)[0m  [1m[34mSELECT "manufacturers".* FROM "manufacturers"[0m
  ↳ app/views/manufacturers/index.html.erb:1
  Rendered manufacturers/index.html.erb within layouts/application (3.3ms)
Completed 200 OK in 39ms (Views: 33.9ms | ActiveRecord: 0.6ms)


Started GET "/manufacturers" for 127.0.0.1 at 2019-12-14 15:06:56 -0300
Processing by ManufacturersController#index as HTML
  Rendering manufacturers/index.html.erb within layouts/application
  [1m[36mManufacturer Load (0.3ms)[0m  [1m[34mSELECT "manufacturers".* FROM "manufacturers"[0m
  ↳ app/views/manufacturers/index.html.erb:1
  Rendered manufacturers/index.html.erb within layouts/application (5.0ms)
Completed 200 OK in 89ms (Views: 85.3ms | ActiveRecord: 0.3ms)


Started GET "/manufacturers" for 127.0.0.1 at 2019-12-14 15:07:28 -0300
Processing by ManufacturersController#index as HTML
  Rendering manufacturers/index.html.erb within layouts/application
  [1m[36mManufacturer Load (0.2ms)[0m  [1m[34mSELECT "manufacturers".* FROM "manufacturers"[0m
  ↳ app/views/manufacturers/index.html.erb:1
  Rendered manufacturers/index.html.erb within layouts/application (3.2ms)
Completed 200 OK in 70ms (Views: 67.1ms | ActiveRecord: 0.2ms)


Started GET "/manufacturers" for 127.0.0.1 at 2019-12-14 15:07:29 -0300
Processing by ManufacturersController#index as HTML
  Rendering manufacturers/index.html.erb within layouts/application
  [1m[36mManufacturer Load (0.2ms)[0m  [1m[34mSELECT "manufacturers".* FROM "manufacturers"[0m
  ↳ app/views/manufacturers/index.html.erb:1
  Rendered manufacturers/index.html.erb within layouts/application (2.1ms)
Completed 200 OK in 48ms (Views: 45.5ms | ActiveRecord: 0.2ms)


Started GET "/manufacturers" for 127.0.0.1 at 2019-12-14 15:07:33 -0300
Processing by ManufacturersController#index as HTML
  Rendering manufacturers/index.html.erb within layouts/application
  [1m[36mManufacturer Load (0.4ms)[0m  [1m[34mSELECT "manufacturers".* FROM "manufacturers"[0m
  ↳ app/views/manufacturers/index.html.erb:1
  Rendered manufacturers/index.html.erb within layouts/application (9.6ms)
Completed 200 OK in 69ms (Views: 63.0ms | ActiveRecord: 0.4ms)


Started GET "/" for 127.0.0.1 at 2019-12-14 15:07:34 -0300
Processing by HomeController#index as HTML
  Rendering home/index.html.erb within layouts/application
  Rendered home/index.html.erb within layouts/application (1.1ms)
Completed 200 OK in 40ms (Views: 38.2ms | ActiveRecord: 0.0ms)


Started GET "/" for 127.0.0.1 at 2019-12-14 15:07:35 -0300
Processing by HomeController#index as HTML
  Rendering home/index.html.erb within layouts/application
  Rendered home/index.html.erb within layouts/application (1.0ms)
Completed 200 OK in 47ms (Views: 45.3ms | ActiveRecord: 0.0ms)


Started GET "/" for 127.0.0.1 at 2019-12-14 15:07:38 -0300
Processing by HomeController#index as HTML
  Rendering home/index.html.erb within layouts/application
  Rendered home/index.html.erb within layouts/application (1.1ms)
Completed 200 OK in 40ms (Views: 38.6ms | ActiveRecord: 0.0ms)


Started GET "/manufacturers" for 127.0.0.1 at 2019-12-14 15:07:40 -0300
Processing by ManufacturersController#index as HTML
  Rendering manufacturers/index.html.erb within layouts/application
  [1m[36mManufacturer Load (0.4ms)[0m  [1m[34mSELECT "manufacturers".* FROM "manufacturers"[0m
  ↳ app/views/manufacturers/index.html.erb:1
  Rendered manufacturers/index.html.erb within layouts/application (6.3ms)
Completed 200 OK in 82ms (Views: 79.5ms | ActiveRecord: 0.4ms)


  [1m[35m (0.1ms)[0m  [1m[36mbegin transaction[0m
  [1m[36mManufacturer Create (1.3ms)[0m  [1m[32mINSERT INTO "manufacturers" ("name", "created_at", "updated_at") VALUES (?, ?, ?)[0m  [["name", "Fiat"], ["created_at", "2019-12-14 18:08:15.099759"], ["updated_at", "2019-12-14 18:08:15.099759"]]
  [1m[35m (7.1ms)[0m  [1m[36mcommit transaction[0m
Started GET "/manufacturers" for 127.0.0.1 at 2019-12-14 15:08:53 -0300
Processing by ManufacturersController#index as HTML
  Rendering manufacturers/index.html.erb within layouts/application
  [1m[36mManufacturer Load (0.3ms)[0m  [1m[34mSELECT "manufacturers".* FROM "manufacturers"[0m
  ↳ app/views/manufacturers/index.html.erb:1
  Rendered manufacturers/index.html.erb within layouts/application (39.7ms)
Completed 200 OK in 91ms (Views: 81.4ms | ActiveRecord: 6.3ms)


Started GET "/manufacturers/1" for 127.0.0.1 at 2019-12-14 15:08:57 -0300
Processing by ManufacturersController#show as HTML
  Parameters: {"id"=>"1"}
  [1m[36mManufacturer Load (0.4ms)[0m  [1m[34mSELECT  "manufacturers".* FROM "manufacturers" WHERE "manufacturers"."id" = ? LIMIT ?[0m  [["id", 1], ["LIMIT", 1]]
  ↳ app/controllers/manufacturers_controller.rb:8
  Rendering manufacturers/show.html.erb within layouts/application
  Rendered manufacturers/show.html.erb within layouts/application (1.3ms)
Completed 200 OK in 75ms (Views: 66.7ms | ActiveRecord: 0.4ms)


Started GET "/" for 127.0.0.1 at 2019-12-14 15:08:58 -0300
Processing by HomeController#index as HTML
  Rendering home/index.html.erb within layouts/application
  Rendered home/index.html.erb within layouts/application (1.1ms)
Completed 200 OK in 65ms (Views: 62.5ms | ActiveRecord: 0.0ms)


Started GET "/manufacturers" for 127.0.0.1 at 2019-12-14 15:09:00 -0300
Processing by ManufacturersController#index as HTML
  Rendering manufacturers/index.html.erb within layouts/application
  [1m[36mManufacturer Load (0.4ms)[0m  [1m[34mSELECT "manufacturers".* FROM "manufacturers"[0m
  ↳ app/views/manufacturers/index.html.erb:1
  Rendered manufacturers/index.html.erb within layouts/application (3.6ms)
Completed 200 OK in 54ms (Views: 51.5ms | ActiveRecord: 0.4ms)


  [1m[36mManufacturer Load (0.4ms)[0m  [1m[34mSELECT  "manufacturers".* FROM "manufacturers" LIMIT ?[0m  [["LIMIT", 11]]
Started GET "/manufacturers" for 127.0.0.1 at 2019-12-14 15:10:03 -0300
Processing by ManufacturersController#index as HTML
  Rendering manufacturers/index.html.erb within layouts/application
  [1m[36mManufacturer Load (0.2ms)[0m  [1m[34mSELECT "manufacturers".* FROM "manufacturers"[0m
  ↳ app/views/manufacturers/index.html.erb:1
  Rendered manufacturers/index.html.erb within layouts/application (7.6ms)
Completed 200 OK in 50ms (Views: 46.9ms | ActiveRecord: 0.2ms)


Started GET "/" for 127.0.0.1 at 2019-12-14 15:10:04 -0300
Processing by HomeController#index as HTML
  Rendering home/index.html.erb within layouts/application
  Rendered home/index.html.erb within layouts/application (1.1ms)
Completed 200 OK in 45ms (Views: 42.5ms | ActiveRecord: 0.0ms)


Started GET "/manufacturers" for 127.0.0.1 at 2019-12-14 15:10:05 -0300
Processing by ManufacturersController#index as HTML
  Rendering manufacturers/index.html.erb within layouts/application
  [1m[36mManufacturer Load (0.3ms)[0m  [1m[34mSELECT "manufacturers".* FROM "manufacturers"[0m
  ↳ app/views/manufacturers/index.html.erb:1
  Rendered manufacturers/index.html.erb within layouts/application (8.9ms)
Completed 200 OK in 72ms (Views: 65.1ms | ActiveRecord: 0.3ms)


Started GET "/manufacturers" for 127.0.0.1 at 2019-12-14 15:10:07 -0300
Processing by ManufacturersController#index as HTML
  Rendering manufacturers/index.html.erb within layouts/application
  [1m[36mManufacturer Load (0.4ms)[0m  [1m[34mSELECT "manufacturers".* FROM "manufacturers"[0m
  ↳ app/views/manufacturers/index.html.erb:1
  Rendered manufacturers/index.html.erb within layouts/application (2.6ms)
Completed 200 OK in 43ms (Views: 40.7ms | ActiveRecord: 0.4ms)


Started GET "/" for 127.0.0.1 at 2019-12-14 15:10:19 -0300
Processing by HomeController#index as HTML
  Rendering home/index.html.erb within layouts/application
  Rendered home/index.html.erb within layouts/application (1.6ms)
Completed 200 OK in 70ms (Views: 65.9ms | ActiveRecord: 0.0ms)


Started GET "/" for 127.0.0.1 at 2019-12-14 15:10:21 -0300
Processing by HomeController#index as HTML
  Rendering home/index.html.erb within layouts/application
  Rendered home/index.html.erb within layouts/application (1.0ms)
Completed 200 OK in 57ms (Views: 54.4ms | ActiveRecord: 0.0ms)


Started GET "/manufacturers" for 127.0.0.1 at 2019-12-14 15:10:21 -0300
Processing by ManufacturersController#index as HTML
  Rendering manufacturers/index.html.erb within layouts/application
  [1m[36mManufacturer Load (0.2ms)[0m  [1m[34mSELECT "manufacturers".* FROM "manufacturers"[0m
  ↳ app/views/manufacturers/index.html.erb:1
  Rendered manufacturers/index.html.erb within layouts/application (2.4ms)
Completed 200 OK in 51ms (Views: 48.5ms | ActiveRecord: 0.2ms)


Started GET "/manufacturers" for 127.0.0.1 at 2019-12-14 15:10:43 -0300
Processing by ManufacturersController#index as HTML
  Rendering manufacturers/index.html.erb within layouts/application
  [1m[36mManufacturer Load (0.4ms)[0m  [1m[34mSELECT "manufacturers".* FROM "manufacturers"[0m
  ↳ app/views/manufacturers/index.html.erb:1
  Rendered manufacturers/index.html.erb within layouts/application (4.9ms)
Completed 200 OK in 110ms (Views: 104.3ms | ActiveRecord: 0.4ms)


Started GET "/" for 127.0.0.1 at 2019-12-14 15:10:44 -0300
Processing by HomeController#index as HTML
  Rendering home/index.html.erb within layouts/application
  Rendered home/index.html.erb within layouts/application (1.1ms)
Completed 200 OK in 47ms (Views: 44.4ms | ActiveRecord: 0.0ms)


Started GET "/" for 127.0.0.1 at 2019-12-14 15:10:45 -0300
Processing by HomeController#index as HTML
  Rendering home/index.html.erb within layouts/application
  Rendered home/index.html.erb within layouts/application (1.6ms)
Completed 200 OK in 73ms (Views: 69.7ms | ActiveRecord: 0.0ms)


Started GET "/" for 127.0.0.1 at 2019-12-14 15:11:04 -0300
Processing by HomeController#index as HTML
  Rendering home/index.html.erb within layouts/application
  Rendered home/index.html.erb within layouts/application (3.8ms)
Completed 200 OK in 45ms (Views: 42.2ms | ActiveRecord: 0.0ms)


Started GET "/manufacturers" for 127.0.0.1 at 2019-12-14 15:11:05 -0300
Processing by ManufacturersController#index as HTML
  Rendering manufacturers/index.html.erb within layouts/application
  [1m[36mManufacturer Load (0.3ms)[0m  [1m[34mSELECT "manufacturers".* FROM "manufacturers"[0m
  ↳ app/views/manufacturers/index.html.erb:1
  Rendered manufacturers/index.html.erb within layouts/application (5.4ms)
Completed 200 OK in 43ms (Views: 39.8ms | ActiveRecord: 0.3ms)


Started GET "/manufacturers" for 127.0.0.1 at 2019-12-14 15:11:15 -0300
Processing by ManufacturersController#index as HTML
  Rendering manufacturers/index.html.erb within layouts/application
  [1m[36mManufacturer Load (0.3ms)[0m  [1m[34mSELECT "manufacturers".* FROM "manufacturers"[0m
  ↳ app/views/manufacturers/index.html.erb:1
  Rendered manufacturers/index.html.erb within layouts/application (5.0ms)
Completed 200 OK in 81ms (Views: 77.5ms | ActiveRecord: 0.3ms)


Started GET "/manufacturers/1" for 127.0.0.1 at 2019-12-14 15:11:17 -0300
Processing by ManufacturersController#show as HTML
  Parameters: {"id"=>"1"}
  [1m[36mManufacturer Load (0.2ms)[0m  [1m[34mSELECT  "manufacturers".* FROM "manufacturers" WHERE "manufacturers"."id" = ? LIMIT ?[0m  [["id", 1], ["LIMIT", 1]]
  ↳ app/controllers/manufacturers_controller.rb:8
  Rendering manufacturers/show.html.erb within layouts/application
  Rendered manufacturers/show.html.erb within layouts/application (1.2ms)
Completed 200 OK in 60ms (Views: 56.2ms | ActiveRecord: 0.2ms)


Started GET "/" for 127.0.0.1 at 2019-12-14 15:11:17 -0300
Processing by HomeController#index as HTML
  Rendering home/index.html.erb within layouts/application
  Rendered home/index.html.erb within layouts/application (1.1ms)
Completed 200 OK in 41ms (Views: 39.0ms | ActiveRecord: 0.0ms)


Started GET "/manufacturers" for 127.0.0.1 at 2019-12-14 15:11:19 -0300
Processing by ManufacturersController#index as HTML
  Rendering manufacturers/index.html.erb within layouts/application
  [1m[36mManufacturer Load (0.3ms)[0m  [1m[34mSELECT "manufacturers".* FROM "manufacturers"[0m
  ↳ app/views/manufacturers/index.html.erb:1
  Rendered manufacturers/index.html.erb within layouts/application (2.7ms)
Completed 200 OK in 65ms (Views: 62.7ms | ActiveRecord: 0.3ms)


Started GET "/manufacturers" for 127.0.0.1 at 2019-12-14 15:11:27 -0300
Processing by ManufacturersController#index as HTML
  Rendering manufacturers/index.html.erb within layouts/application
  [1m[36mManufacturer Load (0.2ms)[0m  [1m[34mSELECT "manufacturers".* FROM "manufacturers"[0m
  ↳ app/views/manufacturers/index.html.erb:1
  Rendered manufacturers/index.html.erb within layouts/application (8.1ms)
Completed 200 OK in 61ms (Views: 59.0ms | ActiveRecord: 0.2ms)


Started GET "/manufacturers" for 127.0.0.1 at 2019-12-14 15:11:36 -0300
Processing by ManufacturersController#index as HTML
  Rendering manufacturers/index.html.erb within layouts/application
  [1m[36mManufacturer Load (0.4ms)[0m  [1m[34mSELECT "manufacturers".* FROM "manufacturers"[0m
  ↳ app/views/manufacturers/index.html.erb:1
  Rendered manufacturers/index.html.erb within layouts/application (3.4ms)
Completed 200 OK in 58ms (Views: 54.7ms | ActiveRecord: 0.4ms)


Started GET "/manufacturers" for 127.0.0.1 at 2019-12-14 15:11:55 -0300
Processing by ManufacturersController#index as HTML
  Rendering manufacturers/index.html.erb within layouts/application
  [1m[36mManufacturer Load (0.4ms)[0m  [1m[34mSELECT "manufacturers".* FROM "manufacturers"[0m
  ↳ app/views/manufacturers/index.html.erb:1
  Rendered manufacturers/index.html.erb within layouts/application (3.1ms)
Completed 200 OK in 63ms (Views: 60.7ms | ActiveRecord: 0.4ms)


Started GET "/manufacturers" for 127.0.0.1 at 2019-12-14 15:12:02 -0300
Processing by ManufacturersController#index as HTML
  Rendering manufacturers/index.html.erb within layouts/application
  [1m[36mManufacturer Load (0.3ms)[0m  [1m[34mSELECT "manufacturers".* FROM "manufacturers"[0m
  ↳ app/views/manufacturers/index.html.erb:1
  Rendered manufacturers/index.html.erb within layouts/application (2.4ms)
Completed 200 OK in 50ms (Views: 47.5ms | ActiveRecord: 0.3ms)


Started GET "/manufacturers" for 127.0.0.1 at 2019-12-14 15:14:53 -0300
Processing by ManufacturersController#index as HTML
  Rendering manufacturers/index.html.erb within layouts/application
  [1m[36mManufacturer Load (0.4ms)[0m  [1m[34mSELECT "manufacturers".* FROM "manufacturers"[0m
  ↳ app/views/manufacturers/index.html.erb:1
  Rendered manufacturers/index.html.erb within layouts/application (3.9ms)
Completed 200 OK in 82ms (Views: 79.2ms | ActiveRecord: 0.4ms)


Started GET "/manufacturers" for 127.0.0.1 at 2019-12-14 15:15:15 -0300
Processing by ManufacturersController#index as HTML
  Rendering manufacturers/index.html.erb within layouts/application
  [1m[36mManufacturer Load (0.2ms)[0m  [1m[34mSELECT "manufacturers".* FROM "manufacturers"[0m
  ↳ app/views/manufacturers/index.html.erb:1
  Rendered manufacturers/index.html.erb within layouts/application (4.0ms)
Completed 200 OK in 59ms (Views: 56.9ms | ActiveRecord: 0.2ms)


Started GET "/manufacturers" for 127.0.0.1 at 2019-12-14 15:16:41 -0300
Processing by ManufacturersController#index as HTML
  Rendering manufacturers/index.html.erb within layouts/application
  [1m[36mManufacturer Load (0.2ms)[0m  [1m[34mSELECT "manufacturers".* FROM "manufacturers"[0m
  ↳ app/views/manufacturers/index.html.erb:1
  Rendered manufacturers/index.html.erb within layouts/application (10.5ms)
Completed 200 OK in 40ms (Views: 35.4ms | ActiveRecord: 1.2ms)


Started GET "/manufacturers/1" for 127.0.0.1 at 2019-12-14 15:16:43 -0300
Processing by ManufacturersController#show as HTML
  Parameters: {"id"=>"1"}
  Rendering text template
  Rendered text template (0.0ms)
Completed 200 OK in 105ms (Views: 104.0ms | ActiveRecord: 0.0ms)


Started GET "/manufacturers/1" for 127.0.0.1 at 2019-12-14 15:16:43 -0300
Processing by ManufacturersController#show as HTML
  Parameters: {"id"=>"1"}
  Rendering text template
  Rendered text template (0.0ms)
Completed 200 OK in 2ms (Views: 0.8ms | ActiveRecord: 0.0ms)


Started GET "/manufacturers/1" for 127.0.0.1 at 2019-12-14 15:16:51 -0300
Processing by ManufacturersController#show as HTML
  Parameters: {"id"=>"1"}
  Rendering text template
  Rendered text template (0.0ms)
Completed 200 OK in 3ms (Views: 1.6ms | ActiveRecord: 0.0ms)


Started GET "/manufacturers/1" for 127.0.0.1 at 2019-12-14 15:17:05 -0300
Processing by ManufacturersController#show as HTML
  Parameters: {"id"=>"1"}
  Rendering manufacturers/show.html.erb within layouts/application
  Rendered manufacturers/show.html.erb within layouts/application (23.3ms)
Completed 500 Internal Server Error in 35ms (ActiveRecord: 0.0ms)


  
ActionView::Template::Error (undefined method `name' for nil:NilClass):
    1: <h1> <%= @manufacturer.name %> </h1>
    2: <%= link_to 'Voltar', root_path %>
  
app/views/manufacturers/show.html.erb:1:in `_app_views_manufacturers_show_html_erb__1981390341832414558_70236640796040'
Started GET "/manufacturers/1" for 127.0.0.1 at 2019-12-14 15:17:34 -0300
Processing by ManufacturersController#show as HTML
  Parameters: {"id"=>"1"}
  Rendering manufacturers/show.html.erb within layouts/application
  Rendered manufacturers/show.html.erb within layouts/application (6.1ms)
Completed 500 Internal Server Error in 13ms (ActiveRecord: 0.0ms)


  
ActionView::Template::Error (undefined method `name' for nil:NilClass):
    1: <!-- <h1> <%= @manufacturer.name %> </h1>
    2: <%= link_to 'Voltar', root_path %> -->
  
app/views/manufacturers/show.html.erb:1:in `_app_views_manufacturers_show_html_erb__1981390341832414558_70236612525800'
Started GET "/manufacturers" for 127.0.0.1 at 2019-12-14 15:17:36 -0300
Processing by ManufacturersController#index as HTML
  Rendering manufacturers/index.html.erb within layouts/application
  [1m[36mManufacturer Load (0.4ms)[0m  [1m[34mSELECT "manufacturers".* FROM "manufacturers"[0m
  ↳ app/views/manufacturers/index.html.erb:1
  Rendered manufacturers/index.html.erb within layouts/application (19.2ms)
Completed 200 OK in 81ms (Views: 50.0ms | ActiveRecord: 1.6ms)


Started GET "/manufacturers/1" for 127.0.0.1 at 2019-12-14 15:17:37 -0300
Processing by ManufacturersController#show as HTML
  Parameters: {"id"=>"1"}
  Rendering manufacturers/show.html.erb within layouts/application
  Rendered manufacturers/show.html.erb within layouts/application (11.1ms)
Completed 500 Internal Server Error in 22ms (ActiveRecord: 0.0ms)


  
ActionView::Template::Error (undefined method `name' for nil:NilClass):
    1: <!-- <h1> <%= @manufacturer.name %> </h1>
    2: <%= link_to 'Voltar', root_path %> -->
  
app/views/manufacturers/show.html.erb:1:in `_app_views_manufacturers_show_html_erb__1981390341832414558_70236640895380'
Started GET "/manufacturers/1" for 127.0.0.1 at 2019-12-14 15:17:47 -0300
Processing by ManufacturersController#show as HTML
  Parameters: {"id"=>"1"}
  Rendering manufacturers/show.html.erb within layouts/application
  Rendered manufacturers/show.html.erb within layouts/application (0.7ms)
Completed 200 OK in 88ms (Views: 85.2ms | ActiveRecord: 0.0ms)


Started GET "/manufacturers/1" for 127.0.0.1 at 2019-12-14 15:18:36 -0300
Processing by ManufacturersController#show as HTML
  Parameters: {"id"=>"1"}
  [1m[36mManufacturer Load (0.2ms)[0m  [1m[34mSELECT  "manufacturers".* FROM "manufacturers" WHERE "manufacturers"."id" = ? LIMIT ?[0m  [["id", 1], ["LIMIT", 1]]
  ↳ app/controllers/manufacturers_controller.rb:8
  Rendering manufacturers/show.html.erb within layouts/application
  Rendered manufacturers/show.html.erb within layouts/application (1.0ms)
Completed 200 OK in 40ms (Views: 26.6ms | ActiveRecord: 1.2ms)


Started GET "/manufacturers" for 127.0.0.1 at 2019-12-14 15:26:48 -0300
Processing by ManufacturersController#index as HTML
  Rendering manufacturers/index.html.erb within layouts/application
  [1m[36mManufacturer Load (0.4ms)[0m  [1m[34mSELECT "manufacturers".* FROM "manufacturers"[0m
  ↳ app/views/manufacturers/index.html.erb:1
  Rendered manufacturers/index.html.erb within layouts/application (3.5ms)
Completed 200 OK in 51ms (Views: 47.5ms | ActiveRecord: 0.4ms)


Started GET "/manufacturers" for 127.0.0.1 at 2019-12-14 15:26:49 -0300
Processing by ManufacturersController#index as HTML
  Rendering manufacturers/index.html.erb within layouts/application
  [1m[36mManufacturer Load (0.2ms)[0m  [1m[34mSELECT "manufacturers".* FROM "manufacturers"[0m
  ↳ app/views/manufacturers/index.html.erb:1
  Rendered manufacturers/index.html.erb within layouts/application (2.7ms)
Completed 200 OK in 47ms (Views: 44.3ms | ActiveRecord: 0.2ms)


